<?xml version="1.0" encoding="UTF-8" ?>
<testsuites errors="0"
            failures="1"
            tests="2">

  <testsuite name="cadastro.createAccount.test"
    errors="0" failures="1" hostname="" id="" package="cadastro" skipped="1"
    tests="2" time="9.685" timestamp="">
  
    <testcase name="Dado eu acessar a home page do site" classname="cadastro.createAccount.test" time="6.539" assertions="2">

    

    
    </testcase>
  
    <testcase name="Quando eu preencher o formulario de cadastro e continuar" classname="cadastro.createAccount.test" time="3.146" assertions="1">  <failure message="Timed out while waiting for element &lt;form#account-creation_form&gt; to be present for 3000 milliseconds. - expected [0;32m&#34;found&#34;[0m but got: [0;31m&#34;not found&#34;[0m [0;90m(3105ms)[0m">    at Page.fillForm (/home/ubuntuthread03/Develop/testPage/pages/createAccount.js:15:10)
    at Object.Quando eu preencher o formulario de cadastro e continuar (/home/ubuntuthread03/Develop/testPage/tests/cadastro/createAccount.test.js:29:11)</failure>

    
      <failure message="    at Page.fillForm (/home/ubuntuthread03/Develop/testPage/pages/createAccount.js:15:10)">    at Object.Quando eu preencher o formulario de cadastro e continuar (/home/ubuntuthread03/Develop/testPage/tests/cadastro/createAccount.test.js:29:11)</failure>
    </testcase>
  

  
    <system-err>
      [0;31m  ReferenceError: pgLogin is not defined[0m
[0;90m       at Object.Dado eu estiver logado no site (/home/ubuntuthread03/Develop/testPage/tests/compra/addProductsAndPay.test.js:7:5)
       at processTicksAndRejections (internal/process/task_queues.js:97:5)[0m
    </system-err>
  

  
    
    <testcase
      name="Entao serei redirecionado para &#34;minha pagina&#34;" classname="cadastro.createAccount.test">
      <skipped />
    </testcase>
    
  
  </testsuite>
</testsuites>
